[debug] [2022-03-15T07:30:50.300Z] ----------------------------------------------------------------------
[debug] [2022-03-15T07:30:50.304Z] Command:       /usr/local/Cellar/node/17.4.0/bin/node /usr/local/bin/firebase emulators:start --only functions
[debug] [2022-03-15T07:30:50.305Z] CLI Version:   10.2.2
[debug] [2022-03-15T07:30:50.305Z] Platform:      darwin
[debug] [2022-03-15T07:30:50.305Z] Node Version:  v17.4.0
[debug] [2022-03-15T07:30:50.306Z] Time:          Tue Mar 15 2022 10:30:50 GMT+0300 (Arabian Standard Time)
[debug] [2022-03-15T07:30:50.307Z] ----------------------------------------------------------------------
[debug] 
[debug] [2022-03-15T07:30:50.369Z] > command requires scopes: ["email","openid","https://www.googleapis.com/auth/cloudplatformprojects.readonly","https://www.googleapis.com/auth/firebase","https://www.googleapis.com/auth/cloud-platform"]
[debug] [2022-03-15T07:30:50.370Z] > authorizing via signed-in user (modi.tammami@gmail.com)
[info] i  emulators: Starting emulators: functions {"metadata":{"emulator":{"name":"hub"},"message":"Starting emulators: functions"}}
[warn] ⚠  emulators: It seems that you are running multiple instances of the emulator suite for project thaheen-af3bc. This may result in unexpected behavior. 
[debug] [2022-03-15T07:30:50.408Z] [hub] writing locator at /var/folders/pj/203m6zx97gsgf733h5p0pcjm0000gn/T/hub-thaheen-af3bc.json
[warn] ⚠  functions: The following emulators are not running, calls to these services from the Functions emulator will affect production: auth, firestore, database, hosting, pubsub, storage {"metadata":{"emulator":{"name":"functions"},"message":"The following emulators are not running, calls to these services from the Functions emulator will affect production: \u001b[1mauth, firestore, database, hosting, pubsub, storage\u001b[22m"}}
[warn] ⚠  Your requested "node" version "16" doesn't match your global version "17". Using node@17 from host. {"metadata":{"emulator":{"name":"functions"},"message":"Your requested \"node\" version \"16\" doesn't match your global version \"17\". Using node@17 from host."}}
[debug] [2022-03-15T07:30:50.450Z] defaultcredentials: writing to file /Users/modhialtammami/.config/firebase/modi_tammami_gmail.com_application_default_credentials.json
[debug] [2022-03-15T07:30:50.455Z] Setting GAC to /Users/modhialtammami/.config/firebase/modi_tammami_gmail.com_application_default_credentials.json {"metadata":{"emulator":{"name":"functions"},"message":"Setting GAC to /Users/modhialtammami/.config/firebase/modi_tammami_gmail.com_application_default_credentials.json"}}
[debug] [2022-03-15T07:30:50.459Z] >>> [apiv2][query] GET https://firebase.googleapis.com/v1beta1/projects/thaheen-af3bc/adminSdkConfig [none]
[debug] [2022-03-15T07:30:50.928Z] <<< [apiv2][status] GET https://firebase.googleapis.com/v1beta1/projects/thaheen-af3bc/adminSdkConfig 200
[debug] [2022-03-15T07:30:50.929Z] <<< [apiv2][body] GET https://firebase.googleapis.com/v1beta1/projects/thaheen-af3bc/adminSdkConfig {"projectId":"thaheen-af3bc","storageBucket":"thaheen-af3bc.appspot.com","locationId":"europe-west"}
[warn] ⚠  ui: Emulator UI unable to start on port 4000, starting on 4004 instead. {"metadata":{"emulator":{"name":"ui"},"message":"Emulator UI unable to start on port 4000, starting on 4004 instead."}}
[debug] [2022-03-15T07:30:50.986Z] Ignoring unsupported arg: auto_download {"metadata":{"emulator":{"name":"ui"},"message":"Ignoring unsupported arg: auto_download"}}
[debug] [2022-03-15T07:30:50.986Z] Ignoring unsupported arg: port {"metadata":{"emulator":{"name":"ui"},"message":"Ignoring unsupported arg: port"}}
[debug] [2022-03-15T07:30:50.986Z] Starting Emulator UI with command {"binary":"node","args":["/Users/modhialtammami/.cache/firebase/emulators/ui-v1.6.5/server.bundle.js"],"optionalArgs":[],"joinArgs":false} {"metadata":{"emulator":{"name":"ui"},"message":"Starting Emulator UI with command {\"binary\":\"node\",\"args\":[\"/Users/modhialtammami/.cache/firebase/emulators/ui-v1.6.5/server.bundle.js\"],\"optionalArgs\":[],\"joinArgs\":false}"}}
[info] i  ui: Emulator UI logging to ui-debug.log {"metadata":{"emulator":{"name":"ui"},"message":"Emulator UI logging to \u001b[1mui-debug.log\u001b[22m"}}
[debug] [2022-03-15T07:30:51.119Z] Web / API server started at localhost:4004
 {"metadata":{"emulator":{"name":"ui"},"message":"Web / API server started at localhost:4004\n"}}
[info] i  functions: Watching "/Users/modhialtammami/Documents/GitHub/Thaheen/functions" for Cloud Functions... {"metadata":{"emulator":{"name":"functions"},"message":"Watching \"/Users/modhialtammami/Documents/GitHub/Thaheen/functions\" for Cloud Functions..."}}
[debug] [2022-03-15T07:30:51.261Z] Validating nodejs source
[debug] [2022-03-15T07:30:53.264Z] > [functions] package.json contents: {
  "name": "functions",
  "description": "Cloud Functions for Firebase",
  "scripts": {
    "serve": "firebase emulators:start --only functions",
    "shell": "firebase functions:shell",
    "start": "npm run shell",
    "deploy": "firebase deploy --only functions",
    "logs": "firebase functions:log"
  },
  "engines": {
    "node": "16"
  },
  "main": "index.js",
  "dependencies": {
    "@google-cloud/speech": "^4.10.0",
    "@google-cloud/vision": "^2.4.2",
    "firebase-admin": "^10.0.2",
    "firebase-functions": "^3.18.0",
    "node-record-lpcm16": "^1.0.1"
  },
  "devDependencies": {
    "firebase-functions-test": "^0.2.0"
  },
  "private": true
}
[debug] [2022-03-15T07:30:53.265Z] Building nodejs source
[debug] [2022-03-15T07:30:53.265Z] Analyzing nodejs backend spec
[info] ✔  functions[us-central1-micrecognizeStream]: http function initialized (http://localhost:5001/thaheen-af3bc/us-central1/micrecognizeStream). {"metadata":{"emulator":{"name":"functions"},"message":"\u001b[1mhttp\u001b[22m function initialized (http://localhost:5001/thaheen-af3bc/us-central1/micrecognizeStream)."}}
[info] 
┌─────────────────────────────────────────────────────────────┐
│ ✔  All emulators ready! It is now safe to connect your app. │
│ i  View Emulator UI at http://localhost:4004                │
└─────────────────────────────────────────────────────────────┘

┌───────────┬────────────────┬─────────────────────────────────┐
│ Emulator  │ Host:Port      │ View in Emulator UI             │
├───────────┼────────────────┼─────────────────────────────────┤
│ Functions │ localhost:5001 │ http://localhost:4004/functions │
└───────────┴────────────────┴─────────────────────────────────┘
  Emulator Hub running at localhost:4400
  Other reserved ports: 4500

Issues? Report them at https://github.com/firebase/firebase-tools/issues and attach the *-debug.log files.
 
[debug] [2022-03-15T07:33:21.962Z] File /Users/modhialtammami/Documents/GitHub/Thaheen/functions/index.js changed, reloading triggers {"metadata":{"emulator":{"name":"functions"},"message":"File /Users/modhialtammami/Documents/GitHub/Thaheen/functions/index.js changed, reloading triggers"}}
[debug] [2022-03-15T07:33:22.974Z] Validating nodejs source
[debug] [2022-03-15T07:33:24.731Z] > [functions] package.json contents: {
  "name": "functions",
  "description": "Cloud Functions for Firebase",
  "scripts": {
    "serve": "firebase emulators:start --only functions",
    "shell": "firebase functions:shell",
    "start": "npm run shell",
    "deploy": "firebase deploy --only functions",
    "logs": "firebase functions:log"
  },
  "engines": {
    "node": "16"
  },
  "main": "index.js",
  "dependencies": {
    "@google-cloud/speech": "^4.10.0",
    "@google-cloud/vision": "^2.4.2",
    "firebase-admin": "^10.0.2",
    "firebase-functions": "^3.18.0",
    "node-record-lpcm16": "^1.0.1"
  },
  "devDependencies": {
    "firebase-functions-test": "^0.2.0"
  },
  "private": true
}
[debug] [2022-03-15T07:33:24.731Z] Building nodejs source
[debug] [2022-03-15T07:33:24.731Z] Analyzing nodejs backend spec
[debug] [2022-03-15T07:33:44.553Z] [work-queue] {"queueLength":1,"workRunningCount":0}
[debug] [2022-03-15T07:33:44.554Z] [work-queue] {"queueLength":0,"workRunningCount":1}
[debug] [2022-03-15T07:33:44.557Z] Accepted request POST /thaheen-af3bc/us-central1/micrecognizeStream --> us-central1-micrecognizeStream
[debug] [2022-03-15T07:33:44.558Z] ID Token: eyJhbGciOiJSUzI1NiIsImtpZCI6ImYxZDU2YTI1MWU0ZGRhM2Y0NWM0MWZkNWQ0ZGEwMWQyYjlkNzJlMGQiLCJ0eXAiOiJKV1QifQ.eyJpc3MiOiJodHRwczovL3NlY3VyZXRva2VuLmdvb2dsZS5jb20vdGhhaGVlbi1hZjNiYyIsImF1ZCI6InRoYWhlZW4tYWYzYmMiLCJhdXRoX3RpbWUiOjE2NDczMjQ4NzIsInVzZXJfaWQiOiIzRkE0S2tWUUJuT1VHVlZ1WVRtUEJwRFNhcGIyIiwic3ViIjoiM0ZBNEtrVlFCbk9VR1ZWdVlUbVBCcERTYXBiMiIsImlhdCI6MTY0NzMyODE3NSwiZXhwIjoxNjQ3MzMxNzc1LCJlbWFpbCI6Im1vZGkudGFtbWFtaUBnbWFpbC5jb20iLCJlbWFpbF92ZXJpZmllZCI6ZmFsc2UsImZpcmViYXNlIjp7ImlkZW50aXRpZXMiOnsiZW1haWwiOlsibW9kaS50YW1tYW1pQGdtYWlsLmNvbSJdfSwic2lnbl9pbl9wcm92aWRlciI6InBhc3N3b3JkIn19.dWJbyWYBCn_7o7nwo4NOnPEMaAeULkojMzYQ1bCFpTnsP-3TP4plxh_NinNUl6ubHBwceYvhihpXtkxwCPOfMl6Fu9r7-ubBodgb3Bs1Kgke94F-dmDLptGDfvt385GJuUlk6YpSnkUtzLHdsMdJUKlhOGhqimPIa9u7DkpaaFOX-K_439lLrwsplK5w0jUkoieZ9iS5pK1KfPKx3pr3Ge4Oq3dkZvoVclpg3_fMXDj9ZCvDINGT9nPxdSlY4hinIEAc8s5G1NnGNDzUK2w9naAZaYvKtJ0YkUEIFfyVYEbDSMI-rH27rbFAgJJLKA7j3x4XzJmNsQ1iMGHMWVzbjw
[debug] [2022-03-15T07:33:44.571Z] [worker-pool] addWorker(us-central1-micrecognizeStream) {"metadata":{"emulator":{"name":"functions"},"message":"[worker-pool] addWorker(us-central1-micrecognizeStream)"}}
[debug] [2022-03-15T07:33:44.571Z] [worker-pool] Adding worker with key us-central1-micrecognizeStream, total=1 {"metadata":{"emulator":{"name":"functions"},"message":"[worker-pool] Adding worker with key us-central1-micrecognizeStream, total=1"}}
[debug] [2022-03-15T07:33:44.572Z] [worker-pool] submitWork(triggerId=us-central1-micrecognizeStream) {"metadata":{"emulator":{"name":"functions"},"message":"[worker-pool] submitWork(triggerId=us-central1-micrecognizeStream)"}}
[debug] [2022-03-15T07:33:44.572Z] [worker-us-central1-micrecognizeStream-1a2843de-bbe7-43ec-8349-1fe60420bbcd]: Assigning socketPath: /var/folders/pj/203m6zx97gsgf733h5p0pcjm0000gn/T/fire_emu_66165.sock {"metadata":{"emulator":{"name":"functions"},"message":"[worker-us-central1-micrecognizeStream-1a2843de-bbe7-43ec-8349-1fe60420bbcd]: Assigning socketPath: /var/folders/pj/203m6zx97gsgf733h5p0pcjm0000gn/T/fire_emu_66165.sock"}}
[debug] [2022-03-15T07:33:44.572Z] [worker-us-central1-micrecognizeStream-1a2843de-bbe7-43ec-8349-1fe60420bbcd]: BUSY {"metadata":{"emulator":{"name":"functions"},"message":"[worker-us-central1-micrecognizeStream-1a2843de-bbe7-43ec-8349-1fe60420bbcd]: BUSY"}}
[debug] [2022-03-15T07:33:46.249Z] [runtime-status] [66165] Functions runtime initialized. {"cwd":"/Users/modhialtammami/Documents/GitHub/Thaheen/functions","node_version":"17.4.0"} {"metadata":{"emulator":{"name":"functions"},"function":{"name":"us-central1-micrecognizeStream"},"extension":{},"message":"[runtime-status] [66165] Functions runtime initialized. {\"cwd\":\"/Users/modhialtammami/Documents/GitHub/Thaheen/functions\",\"node_version\":\"17.4.0\"}"}}
[debug] [2022-03-15T07:33:46.250Z] [runtime-status] [66165] Disabled runtime features: undefined {"metadata":{"emulator":{"name":"functions"},"function":{"name":"us-central1-micrecognizeStream"},"extension":{},"message":"[runtime-status] [66165] Disabled runtime features: undefined"}}
[debug] [2022-03-15T07:33:46.255Z] [runtime-status] [66165] Resolved module firebase-admin {"declared":true,"installed":true,"version":"10.0.2","resolution":"/Users/modhialtammami/Documents/GitHub/Thaheen/functions/node_modules/firebase-admin/lib/index.js"} {"metadata":{"emulator":{"name":"functions"},"function":{"name":"us-central1-micrecognizeStream"},"extension":{},"message":"[runtime-status] [66165] Resolved module firebase-admin {\"declared\":true,\"installed\":true,\"version\":\"10.0.2\",\"resolution\":\"/Users/modhialtammami/Documents/GitHub/Thaheen/functions/node_modules/firebase-admin/lib/index.js\"}"}}
[debug] [2022-03-15T07:33:46.257Z] [runtime-status] [66165] Resolved module firebase-functions {"declared":true,"installed":true,"version":"3.18.1","resolution":"/Users/modhialtammami/Documents/GitHub/Thaheen/functions/node_modules/firebase-functions/lib/index.js"} {"metadata":{"emulator":{"name":"functions"},"function":{"name":"us-central1-micrecognizeStream"},"extension":{},"message":"[runtime-status] [66165] Resolved module firebase-functions {\"declared\":true,\"installed\":true,\"version\":\"3.18.1\",\"resolution\":\"/Users/modhialtammami/Documents/GitHub/Thaheen/functions/node_modules/firebase-functions/lib/index.js\"}"}}
[debug] [2022-03-15T07:33:46.258Z] [runtime-status] [66165] Outgoing network have been stubbed. [{"name":"http","status":"mocked"},{"name":"http","status":"mocked"},{"name":"https","status":"mocked"},{"name":"https","status":"mocked"},{"name":"net","status":"mocked"}] {"metadata":{"emulator":{"name":"functions"},"function":{"name":"us-central1-micrecognizeStream"},"extension":{},"message":"[runtime-status] [66165] Outgoing network have been stubbed. [{\"name\":\"http\",\"status\":\"mocked\"},{\"name\":\"http\",\"status\":\"mocked\"},{\"name\":\"https\",\"status\":\"mocked\"},{\"name\":\"https\",\"status\":\"mocked\"},{\"name\":\"net\",\"status\":\"mocked\"}]"}}
[debug] [2022-03-15T07:33:46.259Z] [runtime-status] [66165] Resolved module firebase-functions {"declared":true,"installed":true,"version":"3.18.1","resolution":"/Users/modhialtammami/Documents/GitHub/Thaheen/functions/node_modules/firebase-functions/lib/index.js"} {"metadata":{"emulator":{"name":"functions"},"function":{"name":"us-central1-micrecognizeStream"},"extension":{},"message":"[runtime-status] [66165] Resolved module firebase-functions {\"declared\":true,\"installed\":true,\"version\":\"3.18.1\",\"resolution\":\"/Users/modhialtammami/Documents/GitHub/Thaheen/functions/node_modules/firebase-functions/lib/index.js\"}"}}
[debug] [2022-03-15T07:33:46.336Z] [runtime-status] [66165] Checked functions.config() {"config":{}} {"metadata":{"emulator":{"name":"functions"},"function":{"name":"us-central1-micrecognizeStream"},"extension":{},"message":"[runtime-status] [66165] Checked functions.config() {\"config\":{}}"}}
[debug] [2022-03-15T07:33:46.337Z] [runtime-status] [66165] firebase-functions has been stubbed. {"functionsResolution":{"declared":true,"installed":true,"version":"3.18.1","resolution":"/Users/modhialtammami/Documents/GitHub/Thaheen/functions/node_modules/firebase-functions/lib/index.js"}} {"metadata":{"emulator":{"name":"functions"},"function":{"name":"us-central1-micrecognizeStream"},"extension":{},"message":"[runtime-status] [66165] firebase-functions has been stubbed. {\"functionsResolution\":{\"declared\":true,\"installed\":true,\"version\":\"3.18.1\",\"resolution\":\"/Users/modhialtammami/Documents/GitHub/Thaheen/functions/node_modules/firebase-functions/lib/index.js\"}}"}}
[debug] [2022-03-15T07:33:46.337Z] [runtime-status] [66165] Resolved module firebase-functions {"declared":true,"installed":true,"version":"3.18.1","resolution":"/Users/modhialtammami/Documents/GitHub/Thaheen/functions/node_modules/firebase-functions/lib/index.js"} {"metadata":{"emulator":{"name":"functions"},"function":{"name":"us-central1-micrecognizeStream"},"extension":{},"message":"[runtime-status] [66165] Resolved module firebase-functions {\"declared\":true,\"installed\":true,\"version\":\"3.18.1\",\"resolution\":\"/Users/modhialtammami/Documents/GitHub/Thaheen/functions/node_modules/firebase-functions/lib/index.js\"}"}}
[debug] [2022-03-15T07:33:46.340Z] [runtime-status] [66165] Resolved module firebase-admin {"declared":true,"installed":true,"version":"10.0.2","resolution":"/Users/modhialtammami/Documents/GitHub/Thaheen/functions/node_modules/firebase-admin/lib/index.js"} {"metadata":{"emulator":{"name":"functions"},"function":{"name":"us-central1-micrecognizeStream"},"extension":{},"message":"[runtime-status] [66165] Resolved module firebase-admin {\"declared\":true,\"installed\":true,\"version\":\"10.0.2\",\"resolution\":\"/Users/modhialtammami/Documents/GitHub/Thaheen/functions/node_modules/firebase-admin/lib/index.js\"}"}}
[debug] [2022-03-15T07:33:46.342Z] [runtime-status] [66165] Resolved module firebase-functions {"declared":true,"installed":true,"version":"3.18.1","resolution":"/Users/modhialtammami/Documents/GitHub/Thaheen/functions/node_modules/firebase-functions/lib/index.js"} {"metadata":{"emulator":{"name":"functions"},"function":{"name":"us-central1-micrecognizeStream"},"extension":{},"message":"[runtime-status] [66165] Resolved module firebase-functions {\"declared\":true,\"installed\":true,\"version\":\"3.18.1\",\"resolution\":\"/Users/modhialtammami/Documents/GitHub/Thaheen/functions/node_modules/firebase-functions/lib/index.js\"}"}}
[debug] [2022-03-15T07:33:46.343Z] [runtime-status] [66165] firebase-admin has been stubbed. {"adminResolution":{"declared":true,"installed":true,"version":"10.0.2","resolution":"/Users/modhialtammami/Documents/GitHub/Thaheen/functions/node_modules/firebase-admin/lib/index.js"}} {"metadata":{"emulator":{"name":"functions"},"function":{"name":"us-central1-micrecognizeStream"},"extension":{},"message":"[runtime-status] [66165] firebase-admin has been stubbed. {\"adminResolution\":{\"declared\":true,\"installed\":true,\"version\":\"10.0.2\",\"resolution\":\"/Users/modhialtammami/Documents/GitHub/Thaheen/functions/node_modules/firebase-admin/lib/index.js\"}}"}}
[debug] [2022-03-15T07:33:46.348Z] [runtime-status] [66165] Beginning invocation function micrecognizeStream! {"metadata":{"emulator":{"name":"functions"},"function":{"name":"us-central1-micrecognizeStream"},"extension":{},"message":"[runtime-status] [66165] Beginning invocation function micrecognizeStream!"}}
[info] i  functions: Beginning execution of "micrecognizeStream" {"metadata":{"emulator":{"name":"functions"},"function":{"name":"us-central1-micrecognizeStream"},"extension":{},"message":"Beginning execution of \"micrecognizeStream\""}}
[debug] [2022-03-15T07:33:46.350Z] [runtime-status] [66165] Running micrecognizeStream in signature http {"metadata":{"emulator":{"name":"functions"},"function":{"name":"us-central1-micrecognizeStream"},"extension":{},"message":"[runtime-status] [66165] Running micrecognizeStream in signature http"}}
[debug] [2022-03-15T07:33:46.353Z] [runtime-status] [66165] Attempting to listen to socketPath: /var/folders/pj/203m6zx97gsgf733h5p0pcjm0000gn/T/fire_emu_66165.sock {"metadata":{"emulator":{"name":"functions"},"function":{"name":"us-central1-micrecognizeStream"},"extension":{},"message":"[runtime-status] [66165] Attempting to listen to socketPath: /var/folders/pj/203m6zx97gsgf733h5p0pcjm0000gn/T/fire_emu_66165.sock"}}
[debug] [2022-03-15T07:33:46.363Z] [functions] Runtime ready! Sending request! {"metadata":{"emulator":{"name":"functions"},"message":"[functions] Runtime ready! Sending request!"}}
[debug] [2022-03-15T07:33:46.364Z] [functions] Got req.url=/thaheen-af3bc/us-central1/micrecognizeStream, mapping to path=/ {"metadata":{"emulator":{"name":"functions"},"message":"[functions] Got req.url=/thaheen-af3bc/us-central1/micrecognizeStream, mapping to path=/"}}
[debug] [2022-03-15T07:33:46.390Z] [runtime-status] [66165] Ephemeral server handling POST request {"metadata":{"emulator":{"name":"functions"},"function":{"name":"us-central1-micrecognizeStream"},"extension":{},"message":"[runtime-status] [66165] Ephemeral server handling POST request"}}
[info] >  {"verifications":{"app":"MISSING","auth":"MISSING"},"logging.googleapis.com/labels":{"firebase-log-type":"callable-request-verification"},"severity":"INFO","message":"Callable request verification passed"} {"user":{"verifications":{"app":"MISSING","auth":"MISSING"},"logging.googleapis.com/labels":{"firebase-log-type":"callable-request-verification"},"severity":"INFO","message":"Callable request verification passed"},"metadata":{"emulator":{"name":"functions"},"function":{"name":"us-central1-micrecognizeStream"},"extension":{},"message":"\u001b[90m> \u001b[39m {\"verifications\":{\"app\":\"MISSING\",\"auth\":\"MISSING\"},\"logging.googleapis.com/labels\":{\"firebase-log-type\":\"callable-request-verification\"},\"severity\":\"INFO\",\"message\":\"Callable request verification passed\"}"}}
[debug] [2022-03-15T07:33:46.395Z] [runtime-status] [66165] Callable functions auth override {"key":"x-callable-context-auth","value":"%7B%22uid%22%3A%223FA4KkVQBnOUGVVuYTmPBpDSapb2%22%2C%22token%22%3A%7B%22iss%22%3A%22https%3A%2F%2Fsecuretoken.google.com%2Fthaheen-af3bc%22%2C%22aud%22%3A%22thaheen-af3bc%22%2C%22auth_time%22%3A1647324872%2C%22user_id%22%3A%223FA4KkVQBnOUGVVuYTmPBpDSapb2%22%2C%22sub%22%3A%223FA4KkVQBnOUGVVuYTmPBpDSapb2%22%2C%22iat%22%3A1647328175%2C%22exp%22%3A1647331775%2C%22email%22%3A%22modi.tammami%40gmail.com%22%2C%22email_verified%22%3Afalse%2C%22firebase%22%3A%7B%22identities%22%3A%7B%22email%22%3A%5B%22modi.tammami%40gmail.com%22%5D%7D%2C%22sign_in_provider%22%3A%22password%22%7D%2C%22uid%22%3A%223FA4KkVQBnOUGVVuYTmPBpDSapb2%22%7D%7D"} {"metadata":{"emulator":{"name":"functions"},"function":{"name":"us-central1-micrecognizeStream"},"extension":{},"message":"[runtime-status] [66165] Callable functions auth override {\"key\":\"x-callable-context-auth\",\"value\":\"%7B%22uid%22%3A%223FA4KkVQBnOUGVVuYTmPBpDSapb2%22%2C%22token%22%3A%7B%22iss%22%3A%22https%3A%2F%2Fsecuretoken.google.com%2Fthaheen-af3bc%22%2C%22aud%22%3A%22thaheen-af3bc%22%2C%22auth_time%22%3A1647324872%2C%22user_id%22%3A%223FA4KkVQBnOUGVVuYTmPBpDSapb2%22%2C%22sub%22%3A%223FA4KkVQBnOUGVVuYTmPBpDSapb2%22%2C%22iat%22%3A1647328175%2C%22exp%22%3A1647331775%2C%22email%22%3A%22modi.tammami%40gmail.com%22%2C%22email_verified%22%3Afalse%2C%22firebase%22%3A%7B%22identities%22%3A%7B%22email%22%3A%5B%22modi.tammami%40gmail.com%22%5D%7D%2C%22sign_in_provider%22%3A%22password%22%7D%2C%22uid%22%3A%223FA4KkVQBnOUGVVuYTmPBpDSapb2%22%7D%7D\"}"}}
[info] >  Listening, press Ctrl+C to stop. {"user":"Listening, press Ctrl+C to stop.","metadata":{"emulator":{"name":"functions"},"function":{"name":"us-central1-micrecognizeStream"},"extension":{},"message":"\u001b[90m> \u001b[39m Listening, press Ctrl+C to stop."}}
[debug] [2022-03-15T07:33:47.009Z] [runtime-status] [66165] Ephemeral server survived. {"metadata":{"emulator":{"name":"functions"},"function":{"name":"us-central1-micrecognizeStream"},"extension":{},"message":"[runtime-status] [66165] Ephemeral server survived."}}
[info] i  functions: Finished "micrecognizeStream" in ~1s {"metadata":{"emulator":{"name":"functions"},"function":{"name":"us-central1-micrecognizeStream"},"extension":{},"message":"Finished \"micrecognizeStream\" in ~1s"}}
[debug] [2022-03-15T07:33:47.014Z] [worker-us-central1-micrecognizeStream-1a2843de-bbe7-43ec-8349-1fe60420bbcd]: IDLE {"metadata":{"emulator":{"name":"functions"},"message":"[worker-us-central1-micrecognizeStream-1a2843de-bbe7-43ec-8349-1fe60420bbcd]: IDLE"}}
[debug] [2022-03-15T07:33:47.015Z] [work-queue] {"queueLength":0,"workRunningCount":0}
[debug] [2022-03-15T07:34:20.876Z] [work-queue] {"queueLength":1,"workRunningCount":0}
[debug] [2022-03-15T07:34:20.877Z] [work-queue] {"queueLength":0,"workRunningCount":1}
[debug] [2022-03-15T07:34:20.877Z] Accepted request POST /thaheen-af3bc/us-central1/micrecognizeStream --> us-central1-micrecognizeStream
[debug] [2022-03-15T07:34:20.877Z] ID Token: eyJhbGciOiJSUzI1NiIsImtpZCI6ImYxZDU2YTI1MWU0ZGRhM2Y0NWM0MWZkNWQ0ZGEwMWQyYjlkNzJlMGQiLCJ0eXAiOiJKV1QifQ.eyJpc3MiOiJodHRwczovL3NlY3VyZXRva2VuLmdvb2dsZS5jb20vdGhhaGVlbi1hZjNiYyIsImF1ZCI6InRoYWhlZW4tYWYzYmMiLCJhdXRoX3RpbWUiOjE2NDczMjQ4NzIsInVzZXJfaWQiOiIzRkE0S2tWUUJuT1VHVlZ1WVRtUEJwRFNhcGIyIiwic3ViIjoiM0ZBNEtrVlFCbk9VR1ZWdVlUbVBCcERTYXBiMiIsImlhdCI6MTY0NzMyODE3NSwiZXhwIjoxNjQ3MzMxNzc1LCJlbWFpbCI6Im1vZGkudGFtbWFtaUBnbWFpbC5jb20iLCJlbWFpbF92ZXJpZmllZCI6ZmFsc2UsImZpcmViYXNlIjp7ImlkZW50aXRpZXMiOnsiZW1haWwiOlsibW9kaS50YW1tYW1pQGdtYWlsLmNvbSJdfSwic2lnbl9pbl9wcm92aWRlciI6InBhc3N3b3JkIn19.dWJbyWYBCn_7o7nwo4NOnPEMaAeULkojMzYQ1bCFpTnsP-3TP4plxh_NinNUl6ubHBwceYvhihpXtkxwCPOfMl6Fu9r7-ubBodgb3Bs1Kgke94F-dmDLptGDfvt385GJuUlk6YpSnkUtzLHdsMdJUKlhOGhqimPIa9u7DkpaaFOX-K_439lLrwsplK5w0jUkoieZ9iS5pK1KfPKx3pr3Ge4Oq3dkZvoVclpg3_fMXDj9ZCvDINGT9nPxdSlY4hinIEAc8s5G1NnGNDzUK2w9naAZaYvKtJ0YkUEIFfyVYEbDSMI-rH27rbFAgJJLKA7j3x4XzJmNsQ1iMGHMWVzbjw
[debug] [2022-03-15T07:34:20.877Z] [worker-pool] submitWork(triggerId=us-central1-micrecognizeStream) {"metadata":{"emulator":{"name":"functions"},"message":"[worker-pool] submitWork(triggerId=us-central1-micrecognizeStream)"}}
[debug] [2022-03-15T07:34:20.877Z] [worker-us-central1-micrecognizeStream-1a2843de-bbe7-43ec-8349-1fe60420bbcd]: Assigning socketPath: /var/folders/pj/203m6zx97gsgf733h5p0pcjm0000gn/T/fire_emu_66165.sock {"metadata":{"emulator":{"name":"functions"},"message":"[worker-us-central1-micrecognizeStream-1a2843de-bbe7-43ec-8349-1fe60420bbcd]: Assigning socketPath: /var/folders/pj/203m6zx97gsgf733h5p0pcjm0000gn/T/fire_emu_66165.sock"}}
[debug] [2022-03-15T07:34:20.878Z] [worker-us-central1-micrecognizeStream-1a2843de-bbe7-43ec-8349-1fe60420bbcd]: BUSY {"metadata":{"emulator":{"name":"functions"},"message":"[worker-us-central1-micrecognizeStream-1a2843de-bbe7-43ec-8349-1fe60420bbcd]: BUSY"}}
[debug] [2022-03-15T07:34:20.879Z] [runtime-status] [66165] Beginning invocation function micrecognizeStream! {"metadata":{"emulator":{"name":"functions"},"function":{"name":"us-central1-micrecognizeStream"},"extension":{},"message":"[runtime-status] [66165] Beginning invocation function micrecognizeStream!"}}
[info] i  functions: Beginning execution of "micrecognizeStream" {"metadata":{"emulator":{"name":"functions"},"function":{"name":"us-central1-micrecognizeStream"},"extension":{},"message":"Beginning execution of \"micrecognizeStream\""}}
[debug] [2022-03-15T07:34:20.880Z] [runtime-status] [66165] Running micrecognizeStream in signature http {"metadata":{"emulator":{"name":"functions"},"function":{"name":"us-central1-micrecognizeStream"},"extension":{},"message":"[runtime-status] [66165] Running micrecognizeStream in signature http"}}
[debug] [2022-03-15T07:34:20.881Z] [runtime-status] [66165] Attempting to listen to socketPath: /var/folders/pj/203m6zx97gsgf733h5p0pcjm0000gn/T/fire_emu_66165.sock {"metadata":{"emulator":{"name":"functions"},"function":{"name":"us-central1-micrecognizeStream"},"extension":{},"message":"[runtime-status] [66165] Attempting to listen to socketPath: /var/folders/pj/203m6zx97gsgf733h5p0pcjm0000gn/T/fire_emu_66165.sock"}}
[debug] [2022-03-15T07:34:20.885Z] [functions] Runtime ready! Sending request! {"metadata":{"emulator":{"name":"functions"},"message":"[functions] Runtime ready! Sending request!"}}
[debug] [2022-03-15T07:34:20.885Z] [functions] Got req.url=/thaheen-af3bc/us-central1/micrecognizeStream, mapping to path=/ {"metadata":{"emulator":{"name":"functions"},"message":"[functions] Got req.url=/thaheen-af3bc/us-central1/micrecognizeStream, mapping to path=/"}}
[debug] [2022-03-15T07:34:20.887Z] [runtime-status] [66165] Ephemeral server handling POST request {"metadata":{"emulator":{"name":"functions"},"function":{"name":"us-central1-micrecognizeStream"},"extension":{},"message":"[runtime-status] [66165] Ephemeral server handling POST request"}}
[debug] [2022-03-15T07:34:20.888Z] [runtime-status] [66165] Callable functions auth override {"key":"x-callable-context-auth","value":"%7B%22uid%22%3A%223FA4KkVQBnOUGVVuYTmPBpDSapb2%22%2C%22token%22%3A%7B%22iss%22%3A%22https%3A%2F%2Fsecuretoken.google.com%2Fthaheen-af3bc%22%2C%22aud%22%3A%22thaheen-af3bc%22%2C%22auth_time%22%3A1647324872%2C%22user_id%22%3A%223FA4KkVQBnOUGVVuYTmPBpDSapb2%22%2C%22sub%22%3A%223FA4KkVQBnOUGVVuYTmPBpDSapb2%22%2C%22iat%22%3A1647328175%2C%22exp%22%3A1647331775%2C%22email%22%3A%22modi.tammami%40gmail.com%22%2C%22email_verified%22%3Afalse%2C%22firebase%22%3A%7B%22identities%22%3A%7B%22email%22%3A%5B%22modi.tammami%40gmail.com%22%5D%7D%2C%22sign_in_provider%22%3A%22password%22%7D%2C%22uid%22%3A%223FA4KkVQBnOUGVVuYTmPBpDSapb2%22%7D%7D"} {"metadata":{"emulator":{"name":"functions"},"function":{"name":"us-central1-micrecognizeStream"},"extension":{},"message":"[runtime-status] [66165] Callable functions auth override {\"key\":\"x-callable-context-auth\",\"value\":\"%7B%22uid%22%3A%223FA4KkVQBnOUGVVuYTmPBpDSapb2%22%2C%22token%22%3A%7B%22iss%22%3A%22https%3A%2F%2Fsecuretoken.google.com%2Fthaheen-af3bc%22%2C%22aud%22%3A%22thaheen-af3bc%22%2C%22auth_time%22%3A1647324872%2C%22user_id%22%3A%223FA4KkVQBnOUGVVuYTmPBpDSapb2%22%2C%22sub%22%3A%223FA4KkVQBnOUGVVuYTmPBpDSapb2%22%2C%22iat%22%3A1647328175%2C%22exp%22%3A1647331775%2C%22email%22%3A%22modi.tammami%40gmail.com%22%2C%22email_verified%22%3Afalse%2C%22firebase%22%3A%7B%22identities%22%3A%7B%22email%22%3A%5B%22modi.tammami%40gmail.com%22%5D%7D%2C%22sign_in_provider%22%3A%22password%22%7D%2C%22uid%22%3A%223FA4KkVQBnOUGVVuYTmPBpDSapb2%22%7D%7D\"}"}}
[info] >  {"verifications":{"app":"MISSING","auth":"MISSING"},"logging.googleapis.com/labels":{"firebase-log-type":"callable-request-verification"},"severity":"INFO","message":"Callable request verification passed"} {"user":{"verifications":{"app":"MISSING","auth":"MISSING"},"logging.googleapis.com/labels":{"firebase-log-type":"callable-request-verification"},"severity":"INFO","message":"Callable request verification passed"},"metadata":{"emulator":{"name":"functions"},"function":{"name":"us-central1-micrecognizeStream"},"extension":{},"message":"\u001b[90m> \u001b[39m {\"verifications\":{\"app\":\"MISSING\",\"auth\":\"MISSING\"},\"logging.googleapis.com/labels\":{\"firebase-log-type\":\"callable-request-verification\"},\"severity\":\"INFO\",\"message\":\"Callable request verification passed\"}"}}
[info] >  Listening, press Ctrl+C to stop. {"user":"Listening, press Ctrl+C to stop.","metadata":{"emulator":{"name":"functions"},"function":{"name":"us-central1-micrecognizeStream"},"extension":{},"message":"\u001b[90m> \u001b[39m Listening, press Ctrl+C to stop."}}
[debug] [2022-03-15T07:34:20.913Z] [runtime-status] [66165] Ephemeral server survived. {"metadata":{"emulator":{"name":"functions"},"function":{"name":"us-central1-micrecognizeStream"},"extension":{},"message":"[runtime-status] [66165] Ephemeral server survived."}}
[info] i  functions: Finished "micrecognizeStream" in ~1s {"metadata":{"emulator":{"name":"functions"},"function":{"name":"us-central1-micrecognizeStream"},"extension":{},"message":"Finished \"micrecognizeStream\" in ~1s"}}
[debug] [2022-03-15T07:34:20.918Z] [worker-us-central1-micrecognizeStream-1a2843de-bbe7-43ec-8349-1fe60420bbcd]: IDLE {"metadata":{"emulator":{"name":"functions"},"message":"[worker-us-central1-micrecognizeStream-1a2843de-bbe7-43ec-8349-1fe60420bbcd]: IDLE"}}
[debug] [2022-03-15T07:34:20.918Z] [work-queue] {"queueLength":0,"workRunningCount":0}
[info] >  Transcription: الو {"user":"Transcription: الو","metadata":{"emulator":{"name":"functions"},"function":{"name":"us-central1-micrecognizeStream"},"extension":{},"message":"\u001b[90m> \u001b[39m Transcription: الو"}}
[info] >  Transcription: الو {"user":"Transcription: الو","metadata":{"emulator":{"name":"functions"},"function":{"name":"us-central1-micrecognizeStream"},"extension":{},"message":"\u001b[90m> \u001b[39m Transcription: الو"}}
[info] >  Transcription:  اخيرا ضبط {"user":"Transcription:  اخيرا ضبط","metadata":{"emulator":{"name":"functions"},"function":{"name":"us-central1-micrecognizeStream"},"extension":{},"message":"\u001b[90m> \u001b[39m Transcription:  اخيرا ضبط"}}
[info] >  Transcription:  اخيرا ضبط {"user":"Transcription:  اخيرا ضبط","metadata":{"emulator":{"name":"functions"},"function":{"name":"us-central1-micrecognizeStream"},"extension":{},"message":"\u001b[90m> \u001b[39m Transcription:  اخيرا ضبط"}}
[info] >  Transcription:  انت زق تدري ولا ماتدري {"user":"Transcription:  انت زق تدري ولا ماتدري","metadata":{"emulator":{"name":"functions"},"function":{"name":"us-central1-micrecognizeStream"},"extension":{},"message":"\u001b[90m> \u001b[39m Transcription:  انت زق تدري ولا ماتدري"}}
[info] >  Transcription:  انت زق تدري ولا ماتدري {"user":"Transcription:  انت زق تدري ولا ماتدري","metadata":{"emulator":{"name":"functions"},"function":{"name":"us-central1-micrecognizeStream"},"extension":{},"message":"\u001b[90m> \u001b[39m Transcription:  انت زق تدري ولا ماتدري"}}
[info] >  Transcription:  حسبي الله عليك {"user":"Transcription:  حسبي الله عليك","metadata":{"emulator":{"name":"functions"},"function":{"name":"us-central1-micrecognizeStream"},"extension":{},"message":"\u001b[90m> \u001b[39m Transcription:  حسبي الله عليك"}}
[info] >  Transcription:  حسبي الله عليك {"user":"Transcription:  حسبي الله عليك","metadata":{"emulator":{"name":"functions"},"function":{"name":"us-central1-micrecognizeStream"},"extension":{},"message":"\u001b[90m> \u001b[39m Transcription:  حسبي الله عليك"}}
[debug] [2022-03-15T07:34:44.079Z] [work-queue] {"queueLength":1,"workRunningCount":0}
[debug] [2022-03-15T07:34:44.079Z] [work-queue] {"queueLength":0,"workRunningCount":1}
[debug] [2022-03-15T07:34:44.079Z] Accepted request POST /thaheen-af3bc/us-central1/micrecognizeStream --> us-central1-micrecognizeStream
[debug] [2022-03-15T07:34:44.079Z] ID Token: eyJhbGciOiJSUzI1NiIsImtpZCI6ImYxZDU2YTI1MWU0ZGRhM2Y0NWM0MWZkNWQ0ZGEwMWQyYjlkNzJlMGQiLCJ0eXAiOiJKV1QifQ.eyJpc3MiOiJodHRwczovL3NlY3VyZXRva2VuLmdvb2dsZS5jb20vdGhhaGVlbi1hZjNiYyIsImF1ZCI6InRoYWhlZW4tYWYzYmMiLCJhdXRoX3RpbWUiOjE2NDczMjQ4NzIsInVzZXJfaWQiOiIzRkE0S2tWUUJuT1VHVlZ1WVRtUEJwRFNhcGIyIiwic3ViIjoiM0ZBNEtrVlFCbk9VR1ZWdVlUbVBCcERTYXBiMiIsImlhdCI6MTY0NzMyODE3NSwiZXhwIjoxNjQ3MzMxNzc1LCJlbWFpbCI6Im1vZGkudGFtbWFtaUBnbWFpbC5jb20iLCJlbWFpbF92ZXJpZmllZCI6ZmFsc2UsImZpcmViYXNlIjp7ImlkZW50aXRpZXMiOnsiZW1haWwiOlsibW9kaS50YW1tYW1pQGdtYWlsLmNvbSJdfSwic2lnbl9pbl9wcm92aWRlciI6InBhc3N3b3JkIn19.dWJbyWYBCn_7o7nwo4NOnPEMaAeULkojMzYQ1bCFpTnsP-3TP4plxh_NinNUl6ubHBwceYvhihpXtkxwCPOfMl6Fu9r7-ubBodgb3Bs1Kgke94F-dmDLptGDfvt385GJuUlk6YpSnkUtzLHdsMdJUKlhOGhqimPIa9u7DkpaaFOX-K_439lLrwsplK5w0jUkoieZ9iS5pK1KfPKx3pr3Ge4Oq3dkZvoVclpg3_fMXDj9ZCvDINGT9nPxdSlY4hinIEAc8s5G1NnGNDzUK2w9naAZaYvKtJ0YkUEIFfyVYEbDSMI-rH27rbFAgJJLKA7j3x4XzJmNsQ1iMGHMWVzbjw
[debug] [2022-03-15T07:34:44.079Z] [worker-pool] submitWork(triggerId=us-central1-micrecognizeStream) {"metadata":{"emulator":{"name":"functions"},"message":"[worker-pool] submitWork(triggerId=us-central1-micrecognizeStream)"}}
[debug] [2022-03-15T07:34:44.079Z] [worker-us-central1-micrecognizeStream-1a2843de-bbe7-43ec-8349-1fe60420bbcd]: Assigning socketPath: /var/folders/pj/203m6zx97gsgf733h5p0pcjm0000gn/T/fire_emu_66165.sock {"metadata":{"emulator":{"name":"functions"},"message":"[worker-us-central1-micrecognizeStream-1a2843de-bbe7-43ec-8349-1fe60420bbcd]: Assigning socketPath: /var/folders/pj/203m6zx97gsgf733h5p0pcjm0000gn/T/fire_emu_66165.sock"}}
[debug] [2022-03-15T07:34:44.079Z] [worker-us-central1-micrecognizeStream-1a2843de-bbe7-43ec-8349-1fe60420bbcd]: BUSY {"metadata":{"emulator":{"name":"functions"},"message":"[worker-us-central1-micrecognizeStream-1a2843de-bbe7-43ec-8349-1fe60420bbcd]: BUSY"}}
[debug] [2022-03-15T07:34:44.080Z] [runtime-status] [66165] Beginning invocation function micrecognizeStream! {"metadata":{"emulator":{"name":"functions"},"function":{"name":"us-central1-micrecognizeStream"},"extension":{},"message":"[runtime-status] [66165] Beginning invocation function micrecognizeStream!"}}
[info] i  functions: Beginning execution of "micrecognizeStream" {"metadata":{"emulator":{"name":"functions"},"function":{"name":"us-central1-micrecognizeStream"},"extension":{},"message":"Beginning execution of \"micrecognizeStream\""}}
[debug] [2022-03-15T07:34:44.080Z] [runtime-status] [66165] Running micrecognizeStream in signature http {"metadata":{"emulator":{"name":"functions"},"function":{"name":"us-central1-micrecognizeStream"},"extension":{},"message":"[runtime-status] [66165] Running micrecognizeStream in signature http"}}
[debug] [2022-03-15T07:34:44.081Z] [runtime-status] [66165] Attempting to listen to socketPath: /var/folders/pj/203m6zx97gsgf733h5p0pcjm0000gn/T/fire_emu_66165.sock {"metadata":{"emulator":{"name":"functions"},"function":{"name":"us-central1-micrecognizeStream"},"extension":{},"message":"[runtime-status] [66165] Attempting to listen to socketPath: /var/folders/pj/203m6zx97gsgf733h5p0pcjm0000gn/T/fire_emu_66165.sock"}}
[debug] [2022-03-15T07:34:44.083Z] [functions] Runtime ready! Sending request! {"metadata":{"emulator":{"name":"functions"},"message":"[functions] Runtime ready! Sending request!"}}
[debug] [2022-03-15T07:34:44.083Z] [functions] Got req.url=/thaheen-af3bc/us-central1/micrecognizeStream, mapping to path=/ {"metadata":{"emulator":{"name":"functions"},"message":"[functions] Got req.url=/thaheen-af3bc/us-central1/micrecognizeStream, mapping to path=/"}}
[debug] [2022-03-15T07:34:44.085Z] [runtime-status] [66165] Ephemeral server handling POST request {"metadata":{"emulator":{"name":"functions"},"function":{"name":"us-central1-micrecognizeStream"},"extension":{},"message":"[runtime-status] [66165] Ephemeral server handling POST request"}}
[debug] [2022-03-15T07:34:44.085Z] [runtime-status] [66165] Callable functions auth override {"key":"x-callable-context-auth","value":"%7B%22uid%22%3A%223FA4KkVQBnOUGVVuYTmPBpDSapb2%22%2C%22token%22%3A%7B%22iss%22%3A%22https%3A%2F%2Fsecuretoken.google.com%2Fthaheen-af3bc%22%2C%22aud%22%3A%22thaheen-af3bc%22%2C%22auth_time%22%3A1647324872%2C%22user_id%22%3A%223FA4KkVQBnOUGVVuYTmPBpDSapb2%22%2C%22sub%22%3A%223FA4KkVQBnOUGVVuYTmPBpDSapb2%22%2C%22iat%22%3A1647328175%2C%22exp%22%3A1647331775%2C%22email%22%3A%22modi.tammami%40gmail.com%22%2C%22email_verified%22%3Afalse%2C%22firebase%22%3A%7B%22identities%22%3A%7B%22email%22%3A%5B%22modi.tammami%40gmail.com%22%5D%7D%2C%22sign_in_provider%22%3A%22password%22%7D%2C%22uid%22%3A%223FA4KkVQBnOUGVVuYTmPBpDSapb2%22%7D%7D"} {"metadata":{"emulator":{"name":"functions"},"function":{"name":"us-central1-micrecognizeStream"},"extension":{},"message":"[runtime-status] [66165] Callable functions auth override {\"key\":\"x-callable-context-auth\",\"value\":\"%7B%22uid%22%3A%223FA4KkVQBnOUGVVuYTmPBpDSapb2%22%2C%22token%22%3A%7B%22iss%22%3A%22https%3A%2F%2Fsecuretoken.google.com%2Fthaheen-af3bc%22%2C%22aud%22%3A%22thaheen-af3bc%22%2C%22auth_time%22%3A1647324872%2C%22user_id%22%3A%223FA4KkVQBnOUGVVuYTmPBpDSapb2%22%2C%22sub%22%3A%223FA4KkVQBnOUGVVuYTmPBpDSapb2%22%2C%22iat%22%3A1647328175%2C%22exp%22%3A1647331775%2C%22email%22%3A%22modi.tammami%40gmail.com%22%2C%22email_verified%22%3Afalse%2C%22firebase%22%3A%7B%22identities%22%3A%7B%22email%22%3A%5B%22modi.tammami%40gmail.com%22%5D%7D%2C%22sign_in_provider%22%3A%22password%22%7D%2C%22uid%22%3A%223FA4KkVQBnOUGVVuYTmPBpDSapb2%22%7D%7D\"}"}}
[info] >  {"verifications":{"app":"MISSING","auth":"MISSING"},"logging.googleapis.com/labels":{"firebase-log-type":"callable-request-verification"},"severity":"INFO","message":"Callable request verification passed"} {"user":{"verifications":{"app":"MISSING","auth":"MISSING"},"logging.googleapis.com/labels":{"firebase-log-type":"callable-request-verification"},"severity":"INFO","message":"Callable request verification passed"},"metadata":{"emulator":{"name":"functions"},"function":{"name":"us-central1-micrecognizeStream"},"extension":{},"message":"\u001b[90m> \u001b[39m {\"verifications\":{\"app\":\"MISSING\",\"auth\":\"MISSING\"},\"logging.googleapis.com/labels\":{\"firebase-log-type\":\"callable-request-verification\"},\"severity\":\"INFO\",\"message\":\"Callable request verification passed\"}"}}
[info] >  Listening, press Ctrl+C to stop. {"user":"Listening, press Ctrl+C to stop.","metadata":{"emulator":{"name":"functions"},"function":{"name":"us-central1-micrecognizeStream"},"extension":{},"message":"\u001b[90m> \u001b[39m Listening, press Ctrl+C to stop."}}
[debug] [2022-03-15T07:34:44.105Z] [runtime-status] [66165] Ephemeral server survived. {"metadata":{"emulator":{"name":"functions"},"function":{"name":"us-central1-micrecognizeStream"},"extension":{},"message":"[runtime-status] [66165] Ephemeral server survived."}}
[info] i  functions: Finished "micrecognizeStream" in ~1s {"metadata":{"emulator":{"name":"functions"},"function":{"name":"us-central1-micrecognizeStream"},"extension":{},"message":"Finished \"micrecognizeStream\" in ~1s"}}
[debug] [2022-03-15T07:34:44.109Z] [worker-us-central1-micrecognizeStream-1a2843de-bbe7-43ec-8349-1fe60420bbcd]: IDLE {"metadata":{"emulator":{"name":"functions"},"message":"[worker-us-central1-micrecognizeStream-1a2843de-bbe7-43ec-8349-1fe60420bbcd]: IDLE"}}
[debug] [2022-03-15T07:34:44.109Z] [work-queue] {"queueLength":0,"workRunningCount":0}
[info] >  Transcription:  لحظه {"user":"Transcription:  لحظه","metadata":{"emulator":{"name":"functions"},"function":{"name":"us-central1-micrecognizeStream"},"extension":{},"message":"\u001b[90m> \u001b[39m Transcription:  لحظه"}}
[info] >  Transcription:  لحظه {"user":"Transcription:  لحظه","metadata":{"emulator":{"name":"functions"},"function":{"name":"us-central1-micrecognizeStream"},"extension":{},"message":"\u001b[90m> \u001b[39m Transcription:  لحظه"}}
[info] >  Transcription: لحظه {"user":"Transcription: لحظه","metadata":{"emulator":{"name":"functions"},"function":{"name":"us-central1-micrecognizeStream"},"extension":{},"message":"\u001b[90m> \u001b[39m Transcription: لحظه"}}
[info] >  Transcription:  وراك كذا {"user":"Transcription:  وراك كذا","metadata":{"emulator":{"name":"functions"},"function":{"name":"us-central1-micrecognizeStream"},"extension":{},"message":"\u001b[90m> \u001b[39m Transcription:  وراك كذا"}}
[info] >  Transcription:  وراك كذا {"user":"Transcription:  وراك كذا","metadata":{"emulator":{"name":"functions"},"function":{"name":"us-central1-micrecognizeStream"},"extension":{},"message":"\u001b[90m> \u001b[39m Transcription:  وراك كذا"}}
[info] >  Transcription:  وراك كذا {"user":"Transcription:  وراك كذا","metadata":{"emulator":{"name":"functions"},"function":{"name":"us-central1-micrecognizeStream"},"extension":{},"message":"\u001b[90m> \u001b[39m Transcription:  وراك كذا"}}
[info] >  Transcription:  سونيك بوش {"user":"Transcription:  سونيك بوش","metadata":{"emulator":{"name":"functions"},"function":{"name":"us-central1-micrecognizeStream"},"extension":{},"message":"\u001b[90m> \u001b[39m Transcription:  سونيك بوش"}}
[info] >  Transcription:  طفش {"user":"Transcription:  طفش","metadata":{"emulator":{"name":"functions"},"function":{"name":"us-central1-micrecognizeStream"},"extension":{},"message":"\u001b[90m> \u001b[39m Transcription:  طفش"}}
[info] >  Transcription:  طفش {"user":"Transcription:  طفش","metadata":{"emulator":{"name":"functions"},"function":{"name":"us-central1-micrecognizeStream"},"extension":{},"message":"\u001b[90m> \u001b[39m Transcription:  طفش"}}
